make all --print-data-base --no-builtin-variables --no-builtin-rules --question
# GNU Make 3.81
# Copyright (C) 2006  Free Software Foundation, Inc.
# This is free software; see the source for copying conditions.
# There is NO warranty; not even for MERCHANTABILITY or FITNESS FOR A
# PARTICULAR PURPOSE.

# This program built for i386-apple-darwin11.3.0
 

# Make data base, printed on Tue Jun 14 11:02:50 2022

# Variables

# automatic
<D = $(patsubst %/,%,$(dir $<))
# automatic
?F = $(notdir $?)
# environment
VSCODE_LOG_NATIVE = false
# automatic
?D = $(patsubst %/,%,$(dir $?))
 
# automatic
@D = $(patsubst %/,%,$(dir $@))
# automatic
@F = $(notdir $@)
# makefile
CURDIR := /Users/dvallien/Documents/cube3d_git_Al
# makefile
SHELL = /bin/sh
# environment
VSCODE_NLS_CONFIG = {"locale":"en-us","availableLanguages":{},"_languagePackSupport":true}
# environment
_ = /usr/bin/make
# makefile (from `Makefile', line 40)
CFLAGS := -Wall -Wextra -Werror -O3
# makefile (from `Makefile', line 1)
MAKEFILE_LIST :=  Makefile
# makefile (from `Makefile', line 35)
SRCS := ./SRCS/main.c ./SRCS/parse_map.c ./SRCS/parse_file.c ./SRCS/get_params.c ./SRCS/game.c ./SRCS/raycasting.c ./SRCS/key_hook.c ./SRCS/dist_to_wall.c ./SRCS/dist_to_wall_utils.c ./SRCS/texture.c ./SRCS/error.c
# environment
VSCODE_VERBOSE_LOGGING = true
# makefile (from `Makefile', line 36)
OBJS := ./.OBJS/main.o ./.OBJS/parse_map.o ./.OBJS/parse_file.o ./.OBJS/get_params.o ./.OBJS/game.o ./.OBJS/raycasting.o ./.OBJS/key_hook.o ./.OBJS/dist_to_wall.o ./.OBJS/dist_to_wall_utils.o ./.OBJS/texture.o ./.OBJS/error.o
# makefile (from `Makefile', line 19)
LST_SRCS := main.c parse_map.c parse_file.c get_params.c game.c raycasting.c key_hook.c dist_to_wall.c dist_to_wall_utils.c texture.c error.c 
# environment
VSCODE_IPC_HOOK_EXTHOST = /var/folders/zz/zyxvpxvq6csfxvn_n000bsyh002ygm/T/vscode-ipc-6bcd2d10-5769-40ea-93c2-17f76fa0ccf4.sock
# environment
VSCODE_CWD = /
# environment
Apple_PubSub_Socket_Render = /private/tmp/com.apple.launchd.HpoFf5bHXD/Render
# environment
PATH = /Users/dvallien/.brew/bin:/Users/dvallien/.brew/bin:/usr/local/bin:/usr/bin:/bin:/usr/sbin:/sbin:/usr/local/munki:/opt/X11/bin
# makefile (from `Makefile', line 32)
DIR_OBJS := ./.OBJS
# environment
LSCOLORS = Gxfxcxdxbxegedabagacad
# environment
VSCODE_LOG_STACK = false
# environment
ELECTRON_RUN_AS_NODE = 1
# makefile (from `Makefile', line 14)
LIB := ./libft/libft.a
# default
.FEATURES := target-specific order-only second-expansion else-if archives jobserver check-symlink
# makefile (from `Makefile', line 16)
LIBMLX = ./mlx/libmlx.a ./mlx_2/libmlx.dylib
# environment
SSH_AUTH_SOCK = /private/tmp/com.apple.launchd.yANAs1UeGA/Listeners
# automatic
%F = $(notdir $%)
# environment
HOMEBREW_TEMP = /tmp/dvallien/Homebrew/Temp
# environment
DISPLAY = /private/tmp/com.apple.launchd.uiNRx3yGcC/org.xquartz:0
# environment
VSCODE_PIPE_LOGGING = true
# environment
PWD = /Users/dvallien/Documents/cube3d_git_Al
# environment
ORIGINAL_XDG_CURRENT_DESKTOP = undefined
# environment
VSCODE_AMD_ENTRYPOINT = vs/workbench/api/node/extensionHostProcess
# environment
HOME = /Users/dvallien
# default
MAKEFILEPATH := /Applications/Xcode.app/Contents/Developer/Makefiles
# environment
VSCODE_CODE_CACHE_PATH = /Users/dvallien/Library/Application Support/Code/CachedData/57fd6d0195bb9b9d1b49f6da5db789060795de47
# environment
LOGNAME = dvallien
# environment
APPLICATION_INSIGHTS_NO_DIAGNOSTIC_CHANNEL = 1
# environment
ZSH = /Users/dvallien/.oh-my-zsh
# environment
VSCODE_HANDLES_UNCAUGHT_ERRORS = true
# automatic
^D = $(patsubst %/,%,$(dir $^))
# environment
XPC_FLAGS = 0x0
# default
MAKE = $(MAKE_COMMAND)
# default
MAKECMDGOALS := all
# environment
HOMEBREW_CACHE = /tmp/dvallien/Homebrew/Caches
# environment
SHLVL = 1
# makefile (from `Makefile', line 39)
CC := gcc
# makefile (from `Makefile', line 18)
DIR_SRCS := ./SRCS
# default
MAKE_VERSION := 3.81
# environment
USER = dvallien
# makefile
.DEFAULT_GOAL := all
# makefile (from `Makefile', line 37)
INCLUDE := ./INCLUDES/cub.h
# makefile (from `Makefile', line 13)
NAME := cub3D
# environment
LESS = -R
# automatic
%D = $(patsubst %/,%,$(dir $%))
# default
MAKE_COMMAND := /Applications/Xcode.app/Contents/Developer/usr/bin/make
# default
.VARIABLES := 
# environment
TMPDIR = /var/folders/zz/zyxvpxvq6csfxvn_n000bsyh002ygm/T/
# automatic
*F = $(notdir $*)
# environment
VSCODE_IPC_HOOK = /Users/dvallien/Library/Application Support/Code/1.67.0-main.sock
# makefile
MAKEFLAGS = Rrqp
# environment
MFLAGS = -Rrqp
# automatic
*D = $(patsubst %/,%,$(dir $*))
# environment
XPC_SERVICE_NAME = com.apple.xpc.launchd.oneshot.0x10000001.Electron
# automatic
+D = $(patsubst %/,%,$(dir $+))
# automatic
+F = $(notdir $+)
# environment
__CF_USER_TEXT_ENCODING = 0x179F4:0x0:0x0
# environment
COMMAND_MODE = unix2003
# default
MAKEFILES := 
# automatic
<F = $(notdir $<)
# environment
PAGER = less
# environment
LC_ALL = C
# makefile (from `Makefile', line 33)
LST_OBJS := main.o parse_map.o parse_file.o get_params.o game.o raycasting.o key_hook.o dist_to_wall.o dist_to_wall_utils.o texture.o error.o
# environment
SECURITYSESSIONID = 186a8
# automatic
^F = $(notdir $^)
# default
SUFFIXES := 
# default
.INCLUDE_DIRS = /usr/local/include
# environment
MAKELEVEL := 0
# environment
LANG = C
# environment
VSCODE_PID = 69736
# variable set hash-table stats:
# Load=82/1024=8%, Rehash=0, Collisions=6/121=5%

# Pattern-specific Variable Values

# No pattern-specific variable values.

# Directories

# . (device 16777229, inode 2386496): 14 files, no impossibilities.

# 14 files, no impossibilities in 1 directories.

# Implicit Rules

.OBJS/%.o: ./SRCS/%.c ./INCLUDES/cub.h
#  commands to execute (from `Makefile', line 44):
	@mkdir -p $(DIR_OBJS)
	$(CC) $(CFLAGS) -Imlx -I $(INCLUDE) -c $< -o $@
	

# 1 implicit rules, 0 (0.0%) terminal.

# Files

# Not a target:
mlx_2/libmlx.dylib:
#  Implicit rule search has not been done.
#  Modification time never checked.
#  File has not been updated.

# Not a target:
.OBJS/dist_to_wall.o:
#  Implicit rule search has not been done.
#  Modification time never checked.
#  File has not been updated.

all: libft minilibx cub3D
#  Phony target (prerequisite of .PHONY).
#  Command-line target.
#  Implicit rule search has not been done.
#  File does not exist.
#  File has been updated.
#  Needs to be updated (-q is set).
# variable set hash-table stats:
# Load=0/32=0%, Rehash=0, Collisions=0/2=0%
#  commands to execute (from `Makefile', line 48):
	@printf "\033[0;32mProject is ready to run !\033[0m\n"
	

# Not a target:
.OBJS/texture.o:
#  Implicit rule search has not been done.
#  Modification time never checked.
#  File has not been updated.

.PHONY: all clean fclean re minilibx libft
#  Implicit rule search has not been done.
#  Modification time never checked.
#  File has not been updated.

cub3D: .OBJS/main.o .OBJS/parse_map.o .OBJS/parse_file.o .OBJS/get_params.o .OBJS/game.o .OBJS/raycasting.o .OBJS/key_hook.o .OBJS/dist_to_wall.o .OBJS/dist_to_wall_utils.o .OBJS/texture.o .OBJS/error.o mlx/libmlx.a mlx_2/libmlx.dylib libft/libft.a
#  Implicit rule search has not been done.
#  Modification time never checked.
#  File has not been updated.
#  commands to execute (from `Makefile', line 58):
	@cp mlx_2/libmlx.dylib .
	$(CC) $(OBJS) $(LIB) $(LIBMLX) -Lmlx -lmlx -framework OpenGL -framework AppKit -o $(NAME)
	@printf "\033[0;32mCompilation has succeeded !\033[0m\n"
	

libft:
#  Phony target (prerequisite of .PHONY).
#  Implicit rule search has not been done.
#  Implicit/static pattern stem: `'
#  File does not exist.
#  File has been updated.
#  Needs to be updated (-q is set).
# automatic
# @ := libft
# automatic
# % := 
# automatic
# * := 
# automatic
# + := 
# automatic
# | := 
# automatic
# < := 
# automatic
# ^ := 
# automatic
# ? := 
# variable set hash-table stats:
# Load=8/32=25%, Rehash=0, Collisions=1/10=10%
#  commands to execute (from `Makefile', line 51):
	@make -C ./libft
	

DIR_OBJS:
#  Implicit rule search has not been done.
#  Modification time never checked.
#  File has not been updated.
#  commands to execute (from `Makefile', line 63):
	mkdir -p $(DIR_OBJS)
	

# Not a target:
.SUFFIXES:
#  Implicit rule search has not been done.
#  Modification time never checked.
#  File has not been updated.

# Not a target:
Makefile:
#  Implicit rule search has been done.
#  Last modified 2022-06-14 11:02:46
#  File has been updated.
#  Successfully updated.
# variable set hash-table stats:
# Load=0/32=0%, Rehash=0, Collisions=0/0=0%

# Not a target:
.OBJS/raycasting.o:
#  Implicit rule search has not been done.
#  Modification time never checked.
#  File has not been updated.

# Not a target:
.OBJS/parse_map.o:
#  Implicit rule search has not been done.
 
#  Modification time never checked.
#  File has not been updated.

# Not a target:
.OBJS/get_params.o:
#  Implicit rule search has not been done.
#  Modification time never checked.
#  File has not been updated.

# Not a target:
.OBJS/parse_file.o:
#  Implicit rule search has not been done.
#  Modification time never checked.
#  File has not been updated.

# Not a target:
libft/libft.a:
#  Implicit rule search has not been done.
#  Modification time never checked.
#  File has not been updated.

fclean: clean
#  Phony target (prerequisite of .PHONY).
#  Implicit rule search has not been done.
#  File does not exist.
#  File has not been updated.
#  commands to execute (from `Makefile', line 73):
	@rm -rf $(NAME)
	@rm -rf $(LIB)
	@rm -rf $(LIBMLX)
	@rm -rf $(LIBMLX2)
	@printf "\033[0;33m$(LIB) deleted\033[0m\n"
	@printf "\033[0;33m$(LIBMLX) deleted\033[0m\n"
	@printf "\033[0;33m$(LIBMLX2) deleted\033[0m\n"
	@printf "\033[0;33m./$(NAME) deleted\033[0m\n"
	

# Not a target:
.OBJS/game.o:
#  Implicit rule search has not been done.
#  Modification time never checked.
#  File has not been updated.

minilibx:
#  Phony target (prerequisite of .PHONY).
#  Implicit rule search has not been done.
#  File does not exist.
#  File has not been updated.
#  commands to execute (from `Makefile', line 54):
	@make -C ./mlx
	@make -C ./mlx_2
	

# Not a target:
.OBJS/dist_to_wall_utils.o:
#  Implicit rule search has not been done.
#  Modification time never checked.
#  File has not been updated.

# Not a target:
.OBJS/key_hook.o:
#  Implicit rule search has not been done.
#  Modification time never checked.
#  File has not been updated.

# Not a target:
.DEFAULT:
#  Implicit rule search has not been done.
#  Modification time never checked.
#  File has not been updated.

# Not a target:
mlx/libmlx.a:
#  Implicit rule search has not been done.
#  Modification time never checked.
#  File has not been updated.

re: fclean all
#  Phony target (prerequisite of .PHONY).
#  Implicit rule search has not been done.
#  File does not exist.
#  File has not been updated.

clean:
#  Phony target (prerequisite of .PHONY).
#  Implicit rule search has not been done.
#  File does not exist.
#  File has not been updated.
#  commands to execute (from `Makefile', line 66):
	@rm -rf $(DIR_OBJS)
	@make clean -C ./libft
	@make clean -C ./mlx
	@make clean -C ./mlx_2
	@printf "\033[0;33mCube3D's objects deleted\033[0m\n"
	

# Not a target:
.OBJS/main.o:
#  Implicit rule search has not been done.
#  Modification time never checked.
#  File has not been updated.

# Not a target:
.OBJS/error.o:
#  Implicit rule search has not been done.
#  Modification time never checked.
#  File has not been updated.

norme:
#  Implicit rule search has not been done.
#  Modification time never checked.
#  File has not been updated.
#  commands to execute (from `Makefile', line 85):
	@printf "\033[36mNorminette :\033[0m\n"
	norminette $(SRCS) $(INCLUDE) ./libft
	

# files hash-table stats:
# Load=27/1024=3%, Rehash=0, Collisions=2/67=3%
# VPATH Search Paths

# No `vpath' search paths.

# No general (`VPATH' variable) search path.

# # of strings in strcache: 1
# # of strcache buffers: 1
# strcache size: total = 4096 / max = 4096 / min = 4096 / avg = 4096
# strcache free: total = 4087 / max = 4087 / min = 4087 / avg = 4087

# Finished Make data base on Tue Jun 14 11:02:50 2022

 
